-------------------------------------------------------------------------------
Test set: com.example.calculatorTest.DataStorageTest
-------------------------------------------------------------------------------
Tests run: 1, Failures: 1, Errors: 0, Skipped: 0, Time elapsed: 0.433 s <<< FAILURE! - in com.example.calculatorTest.DataStorageTest
testCreateDirectory_PathIsNotADirectory(com.example.calculatorTest.DataStorageTest)  Time elapsed: 0.395 s  <<< FAILURE!
java.lang.AssertionError: Failed to create test file
	at com.example.calculatorTest.DataStorageTest.testCreateDirectory_PathIsNotADirectory(DataStorageTest.java:94)

