<?xml version="1.0" encoding="UTF-8"?>
<testsuite xmlns:xsi="http://www.w3.org/2001/XMLSchema-instance" xsi:noNamespaceSchemaLocation="https://maven.apache.org/surefire/maven-surefire-plugin/xsd/surefire-test-report.xsd" name="com.example.calculatorTest.RPNCalculatorTest" time="0.061" tests="5" errors="0" skipped="0" failures="3">
  <properties>
    <property name="java.specification.version" value="21"/>
    <property name="sun.jnu.encoding" value="UTF-8"/>
    <property name="java.class.path" value="/home/adrianarimany/Documents/UVG/Year_2/Algs_Data-Structure/Assigments/Hoja_trabajo_1/hojatrabajo2/target/test-classes:/home/adrianarimany/Documents/UVG/Year_2/Algs_Data-Structure/Assigments/Hoja_trabajo_1/hojatrabajo2/target/classes:/home/adrianarimany/.m2/repository/org/mockito/mockito-core/3.12.4/mockito-core-3.12.4.jar:/home/adrianarimany/.m2/repository/net/bytebuddy/byte-buddy/1.11.13/byte-buddy-1.11.13.jar:/home/adrianarimany/.m2/repository/net/bytebuddy/byte-buddy-agent/1.11.13/byte-buddy-agent-1.11.13.jar:/home/adrianarimany/.m2/repository/org/objenesis/objenesis/3.2/objenesis-3.2.jar:/home/adrianarimany/.m2/repository/org/junit/jupiter/junit-jupiter-api/5.7.0/junit-jupiter-api-5.7.0.jar:/home/adrianarimany/.m2/repository/org/apiguardian/apiguardian-api/1.1.0/apiguardian-api-1.1.0.jar:/home/adrianarimany/.m2/repository/org/opentest4j/opentest4j/1.2.0/opentest4j-1.2.0.jar:/home/adrianarimany/.m2/repository/org/junit/platform/junit-platform-commons/1.7.0/junit-platform-commons-1.7.0.jar:/home/adrianarimany/.m2/repository/com/google/code/gson/gson/2.11.0/gson-2.11.0.jar:/home/adrianarimany/.m2/repository/com/google/errorprone/error_prone_annotations/2.27.0/error_prone_annotations-2.27.0.jar:/home/adrianarimany/.m2/repository/junit/junit/4.11/junit-4.11.jar:/home/adrianarimany/.m2/repository/org/hamcrest/hamcrest-core/1.3/hamcrest-core-1.3.jar:"/>
    <property name="java.vm.vendor" value="Ubuntu"/>
    <property name="sun.arch.data.model" value="64"/>
    <property name="java.vendor.url" value="https://ubuntu.com/"/>
    <property name="os.name" value="Linux"/>
    <property name="java.vm.specification.version" value="21"/>
    <property name="user.country" value="US"/>
    <property name="sun.java.launcher" value="SUN_STANDARD"/>
    <property name="sun.boot.library.path" value="/usr/lib/jvm/java-21-openjdk-amd64/lib"/>
    <property name="sun.java.command" value="/home/adrianarimany/Documents/UVG/Year_2/Algs_Data-Structure/Assigments/Hoja_trabajo_1/hojatrabajo2/target/surefire/surefirebooter6365575261994456811.jar /home/adrianarimany/Documents/UVG/Year_2/Algs_Data-Structure/Assigments/Hoja_trabajo_1/hojatrabajo2/target/surefire 2025-02-03T12-11-09_249-jvmRun1 surefire11753448916170503480tmp surefire_016169879017022005101tmp"/>
    <property name="jdk.debug" value="release"/>
    <property name="test" value="com.example.calculatorTest.RPNCalculatorTest"/>
    <property name="surefire.test.class.path" value="/home/adrianarimany/Documents/UVG/Year_2/Algs_Data-Structure/Assigments/Hoja_trabajo_1/hojatrabajo2/target/test-classes:/home/adrianarimany/Documents/UVG/Year_2/Algs_Data-Structure/Assigments/Hoja_trabajo_1/hojatrabajo2/target/classes:/home/adrianarimany/.m2/repository/org/mockito/mockito-core/3.12.4/mockito-core-3.12.4.jar:/home/adrianarimany/.m2/repository/net/bytebuddy/byte-buddy/1.11.13/byte-buddy-1.11.13.jar:/home/adrianarimany/.m2/repository/net/bytebuddy/byte-buddy-agent/1.11.13/byte-buddy-agent-1.11.13.jar:/home/adrianarimany/.m2/repository/org/objenesis/objenesis/3.2/objenesis-3.2.jar:/home/adrianarimany/.m2/repository/org/junit/jupiter/junit-jupiter-api/5.7.0/junit-jupiter-api-5.7.0.jar:/home/adrianarimany/.m2/repository/org/apiguardian/apiguardian-api/1.1.0/apiguardian-api-1.1.0.jar:/home/adrianarimany/.m2/repository/org/opentest4j/opentest4j/1.2.0/opentest4j-1.2.0.jar:/home/adrianarimany/.m2/repository/org/junit/platform/junit-platform-commons/1.7.0/junit-platform-commons-1.7.0.jar:/home/adrianarimany/.m2/repository/com/google/code/gson/gson/2.11.0/gson-2.11.0.jar:/home/adrianarimany/.m2/repository/com/google/errorprone/error_prone_annotations/2.27.0/error_prone_annotations-2.27.0.jar:/home/adrianarimany/.m2/repository/junit/junit/4.11/junit-4.11.jar:/home/adrianarimany/.m2/repository/org/hamcrest/hamcrest-core/1.3/hamcrest-core-1.3.jar:"/>
    <property name="sun.cpu.endian" value="little"/>
    <property name="user.home" value="/home/adrianarimany"/>
    <property name="user.language" value="en"/>
    <property name="java.specification.vendor" value="Oracle Corporation"/>
    <property name="java.version.date" value="2024-10-15"/>
    <property name="java.home" value="/usr/lib/jvm/java-21-openjdk-amd64"/>
    <property name="file.separator" value="/"/>
    <property name="basedir" value="/home/adrianarimany/Documents/UVG/Year_2/Algs_Data-Structure/Assigments/Hoja_trabajo_1/hojatrabajo2"/>
    <property name="java.vm.compressedOopsMode" value="Zero based"/>
    <property name="line.separator" value="&#10;"/>
    <property name="java.specification.name" value="Java Platform API Specification"/>
    <property name="java.vm.specification.vendor" value="Oracle Corporation"/>
    <property name="surefire.real.class.path" value="/home/adrianarimany/Documents/UVG/Year_2/Algs_Data-Structure/Assigments/Hoja_trabajo_1/hojatrabajo2/target/surefire/surefirebooter6365575261994456811.jar"/>
    <property name="sun.management.compiler" value="HotSpot 64-Bit Tiered Compilers"/>
    <property name="java.runtime.version" value="21.0.5+11-Ubuntu-1ubuntu124.04"/>
    <property name="user.name" value="adrianarimany"/>
    <property name="stdout.encoding" value="UTF-8"/>
    <property name="path.separator" value=":"/>
    <property name="os.version" value="6.8.0-41-generic"/>
    <property name="java.runtime.name" value="OpenJDK Runtime Environment"/>
    <property name="file.encoding" value="UTF-8"/>
    <property name="java.vm.name" value="OpenJDK 64-Bit Server VM"/>
    <property name="maven.ext.class.path" value="/home/adrianarimany/.vscode/extensions/oracle.oracle-java-23.0.1/nbcode/java/maven-nblib/netbeans-eventspy.jar"/>
    <property name="localRepository" value="/home/adrianarimany/.m2/repository"/>
    <property name="java.vendor.url.bug" value="https://bugs.launchpad.net/ubuntu/+source/openjdk-21"/>
    <property name="java.io.tmpdir" value="/tmp"/>
    <property name="java.version" value="21.0.5"/>
    <property name="user.dir" value="/home/adrianarimany/Documents/UVG/Year_2/Algs_Data-Structure/Assigments/Hoja_trabajo_1/hojatrabajo2"/>
    <property name="os.arch" value="amd64"/>
    <property name="java.vm.specification.name" value="Java Virtual Machine Specification"/>
    <property name="native.encoding" value="UTF-8"/>
    <property name="java.library.path" value="/usr/java/packages/lib:/usr/lib/x86_64-linux-gnu/jni:/lib/x86_64-linux-gnu:/usr/lib/x86_64-linux-gnu:/usr/lib/jni:/lib:/usr/lib"/>
    <property name="java.vm.info" value="mixed mode, sharing"/>
    <property name="stderr.encoding" value="UTF-8"/>
    <property name="java.vendor" value="Ubuntu"/>
    <property name="java.vm.version" value="21.0.5+11-Ubuntu-1ubuntu124.04"/>
    <property name="sun.io.unicode.encoding" value="UnicodeLittle"/>
    <property name="java.class.version" value="65.0"/>
  </properties>
  <testcase name="testTooManyOperands" classname="com.example.calculatorTest.RPNCalculatorTest" time="0.027">
    <failure message="expected:&lt;[Not enough operands for operator: +]&gt; but was:&lt;[Invalid RPN expression. Stack should contain exactly one element at the end.]&gt;" type="org.junit.ComparisonFailure"><![CDATA[org.junit.ComparisonFailure: expected:<[Not enough operands for operator: +]> but was:<[Invalid RPN expression. Stack should contain exactly one element at the end.]>
	at com.example.calculatorTest.RPNCalculatorTest.testTooManyOperands(RPNCalculatorTest.java:44)
]]></failure>
  </testcase>
  <testcase name="testUnknownOperator" classname="com.example.calculatorTest.RPNCalculatorTest" time="0.003">
    <failure message="Unexpected exception type thrown ==&gt; expected: &lt;java.lang.IllegalStateException&gt; but was: &lt;java.lang.IllegalArgumentException&gt;" type="org.opentest4j.AssertionFailedError"><![CDATA[org.opentest4j.AssertionFailedError: Unexpected exception type thrown ==> expected: <java.lang.IllegalStateException> but was: <java.lang.IllegalArgumentException>
	at com.example.calculatorTest.RPNCalculatorTest.testUnknownOperator(RPNCalculatorTest.java:53)
Caused by: java.lang.IllegalArgumentException: Invalid token encountered: ^
	at com.example.calculatorTest.RPNCalculatorTest.lambda$2(RPNCalculatorTest.java:53)
	at com.example.calculatorTest.RPNCalculatorTest.testUnknownOperator(RPNCalculatorTest.java:53)
]]></failure>
  </testcase>
  <testcase name="testNotEnoughOperands" classname="com.example.calculatorTest.RPNCalculatorTest" time="0.001">
    <failure message="expected:&lt;Not enough [numbers]&gt; but was:&lt;Not enough [operands for operator: +]&gt;" type="org.junit.ComparisonFailure"><![CDATA[org.junit.ComparisonFailure: expected:<Not enough [numbers]> but was:<Not enough [operands for operator: +]>
	at com.example.calculatorTest.RPNCalculatorTest.testNotEnoughOperands(RPNCalculatorTest.java:35)
]]></failure>
  </testcase>
  <testcase name="testSimpleRPNExpression" classname="com.example.calculatorTest.RPNCalculatorTest" time="0.001"/>
  <testcase name="testComplexRPNExpression" classname="com.example.calculatorTest.RPNCalculatorTest" time="0.001"/>
</testsuite>